<?xml version="1.0" encoding="UTF-8"?>
<testsuite name="com.rentingcolombia.certification.proxywompi.runners.CardTokenizationRunner" tests="1" skipped="0" failures="0" errors="0" timestamp="2022-08-26T02:24:35" hostname="LAPTOP-0SSAMPSI" time="6.792">
  <properties/>
  <testcase name="Card tokenization" classname="com.rentingcolombia.certification.proxywompi.runners.CardTokenizationRunner" time="6.792"/>
  <system-out><![CDATA[21:24:34.786 [Test worker] DEBUG io.cucumber.core.plugin.SerenityReporter - Running feature from file:///C:/cisaza/RentingColombia/Proxywompi/Automation/src/test/resources/features/card_tokenization.feature
21:24:35.023 [Test worker] INFO  - 

-------------------------------------------------------------------------------------
     _______. _______ .______       _______ .__   __.  __  .___________.____    ____ 
    /       ||   ____||   _  \     |   ____||  \ |  | |  | |           |\   \  /   / 
   |   (----`|  |__   |  |_)  |    |  |__   |   \|  | |  | `---|  |----` \   \/   /  
    \   \    |   __|  |      /     |   __|  |  . `  | |  |     |  |       \_    _/   
.----)   |   |  |____ |  |\  \----.|  |____ |  |\   | |  |     |  |         |  |     
|_______/    |_______|| _| `._____||_______||__| \__| |__|     |__|         |__|    
                                                                                     
 News and tutorials at http://www.serenity-bdd.info                                  
 Documentation at https://wakaleo.gitbooks.io/the-serenity-book/content/             
 Join the Serenity Community on Gitter: https://gitter.im/serenity-bdd/serenity-core 
 Serenity BDD Support and Training at http://serenity-bdd.info/#/trainingandsupport  
-------------------------------------------------------------------------------------

21:24:35.029 [Test worker] DEBUG net.thucydides.core.steps.StepEventBus - Test suite started for story net.thucydides.core.model.Story@4c889344
21:24:35.033 [Test worker] INFO  - Test Suite Started: as a RentingColombia project's i need tokenize a card for created a source payment
21:24:35.213 [Test worker] DEBUG io.cucumber.core.plugin.SerenityReporter - Running feature from file:///C:/cisaza/RentingColombia/Proxywompi/Automation/src/test/resources/features/card_tokenization.feature
21:24:35.364 [Test worker] INFO  - 
  _____   ___   ___   _____     ___   _____     _     ___   _____   ___   ___  
 |_   _| | __| / __| |_   _|   / __| |_   _|   /_\   | _ \ |_   _| | __| |   \ 
   | |   | _|  \__ \   | |     \__ \   | |    / _ \  |   /   | |   | _|  | |) |
   |_|   |___| |___/   |_|     |___/   |_|   /_/ \_\ |_|_\   |_|   |___| |___/ 

Card tokenization(as-a-rentingcolombia-project-s-i-need-tokenize-a-card-for-created-a-source-payment;card-tokenization)
--------------------------------------------------------------------------------
21:24:35.452 [Test worker] DEBUG net.thucydides.core.requirements.model.cucumber.CucumberParser - Added feature as a RentingColombia project's i need tokenize a card for created a source payment
21:24:35.469 [Test worker] DEBUG net.thucydides.core.requirements.model.cucumber.CucumberParser - Added feature as a RentingColombia project's i need created a source payment
21:24:36.757 [Test worker] DEBUG net.thucydides.core.steps.StepInterceptor - STARTING STEP: CardTokenizationDefinition.heCalledWompiSAPIWhitTheInformation - performAs
21:24:36.841 [Test worker] DEBUG net.thucydides.core.steps.StepInterceptor - STARTING STEP: PostTokenizeCard.performAs - {0} executes a POST on the resource #resource
21:24:39.309 [Test worker] DEBUG org.apache.http.impl.conn.BasicClientConnectionManager - Get connection for route {s}->https://sandbox.wompi.co:443
21:24:39.463 [Test worker] DEBUG org.apache.http.impl.conn.DefaultClientConnectionOperator - Connecting to sandbox.wompi.co:443
21:24:39.795 [Test worker] DEBUG org.apache.http.client.protocol.RequestAddCookies - CookieSpec selected: ignoreCookies
21:24:39.796 [Test worker] DEBUG org.apache.http.client.protocol.RequestAuthCache - Auth cache not set in the context
21:24:39.797 [Test worker] DEBUG org.apache.http.client.protocol.RequestProxyAuthentication - Proxy auth state: UNCHALLENGED
21:24:39.797 [Test worker] DEBUG org.apache.http.impl.client.DefaultHttpClient - Attempt 1 to execute request
21:24:39.798 [Test worker] DEBUG org.apache.http.impl.conn.DefaultClientConnection - Sending request: POST /v1/tokens/cards HTTP/1.1
21:24:39.798 [Test worker] DEBUG org.apache.http.wire -  >> "POST /v1/tokens/cards HTTP/1.1[\r][\n]"
21:24:39.800 [Test worker] DEBUG org.apache.http.wire -  >> "Authorization: Bearer pub_test_xbAQz028KI78xmEu9UvCi3n7piM0E2yp[\r][\n]"
21:24:39.800 [Test worker] DEBUG org.apache.http.wire -  >> "Accept: */*[\r][\n]"
21:24:39.800 [Test worker] DEBUG org.apache.http.wire -  >> "publickey: pub_test_xbAQz028KI78xmEu9UvCi3n7piM0E2yp[\r][\n]"
21:24:39.801 [Test worker] DEBUG org.apache.http.wire -  >> "Content-Type: application/json[\r][\n]"
21:24:39.801 [Test worker] DEBUG org.apache.http.wire -  >> "Content-Length: 97[\r][\n]"
21:24:39.801 [Test worker] DEBUG org.apache.http.wire -  >> "Host: sandbox.wompi.co[\r][\n]"
21:24:39.801 [Test worker] DEBUG org.apache.http.wire -  >> "Connection: Keep-Alive[\r][\n]"
21:24:39.801 [Test worker] DEBUG org.apache.http.wire -  >> "User-Agent: Apache-HttpClient/4.5.13 (Java/11.0.15)[\r][\n]"
21:24:39.802 [Test worker] DEBUG org.apache.http.wire -  >> "Accept-Encoding: gzip,deflate[\r][\n]"
21:24:39.802 [Test worker] DEBUG org.apache.http.wire -  >> "[\r][\n]"
21:24:39.802 [Test worker] DEBUG org.apache.http.headers - >> POST /v1/tokens/cards HTTP/1.1
21:24:39.802 [Test worker] DEBUG org.apache.http.headers - >> Authorization: Bearer pub_test_xbAQz028KI78xmEu9UvCi3n7piM0E2yp
21:24:39.803 [Test worker] DEBUG org.apache.http.headers - >> Accept: */*
21:24:39.803 [Test worker] DEBUG org.apache.http.headers - >> publickey: pub_test_xbAQz028KI78xmEu9UvCi3n7piM0E2yp
21:24:39.803 [Test worker] DEBUG org.apache.http.headers - >> Content-Type: application/json
21:24:39.803 [Test worker] DEBUG org.apache.http.headers - >> Content-Length: 97
21:24:39.803 [Test worker] DEBUG org.apache.http.headers - >> Host: sandbox.wompi.co
21:24:39.803 [Test worker] DEBUG org.apache.http.headers - >> Connection: Keep-Alive
21:24:39.803 [Test worker] DEBUG org.apache.http.headers - >> User-Agent: Apache-HttpClient/4.5.13 (Java/11.0.15)
21:24:39.803 [Test worker] DEBUG org.apache.http.headers - >> Accept-Encoding: gzip,deflate
21:24:39.804 [Test worker] DEBUG org.apache.http.wire -  >> "{"number":"4242424242424242","cvc":"789","exp_month":"02","exp_year":"26","card_holder":"Eliana"}"
21:24:41.086 [Test worker] DEBUG org.apache.http.wire -  << "HTTP/1.1 201 Created[\r][\n]"
21:24:41.089 [Test worker] DEBUG org.apache.http.wire -  << "Content-Type: application/json[\r][\n]"
21:24:41.089 [Test worker] DEBUG org.apache.http.wire -  << "Content-Length: 368[\r][\n]"
21:24:41.089 [Test worker] DEBUG org.apache.http.wire -  << "Connection: keep-alive[\r][\n]"
21:24:41.089 [Test worker] DEBUG org.apache.http.wire -  << "Date: Fri, 26 Aug 2022 02:24:41 GMT[\r][\n]"
21:24:41.089 [Test worker] DEBUG org.apache.http.wire -  << "x-amzn-RequestId: 1751d4f4-8025-401e-90d3-29d35e67663f[\r][\n]"
21:24:41.089 [Test worker] DEBUG org.apache.http.wire -  << "Access-Control-Allow-Origin: *[\r][\n]"
21:24:41.089 [Test worker] DEBUG org.apache.http.wire -  << "x-amz-apigw-id: XcxESG2tIAMFXZw=[\r][\n]"
21:24:41.089 [Test worker] DEBUG org.apache.http.wire -  << "X-Amzn-Trace-Id: Root=1-63082ee8-31da025f4b70946e3dcd9ad2;Sampled=1[\r][\n]"
21:24:41.089 [Test worker] DEBUG org.apache.http.wire -  << "X-Cache: Miss from cloudfront[\r][\n]"
21:24:41.090 [Test worker] DEBUG org.apache.http.wire -  << "Via: 1.1 338d1e556c1763823ff02dd83908eacc.cloudfront.net (CloudFront)[\r][\n]"
21:24:41.090 [Test worker] DEBUG org.apache.http.wire -  << "X-Amz-Cf-Pop: MIA3-P2[\r][\n]"
21:24:41.090 [Test worker] DEBUG org.apache.http.wire -  << "X-Amz-Cf-Id: pd-gIyuFPZbZ8VRw53E3gYDFDFgYYj6IdFTy26Q43C1XUJ9ltiouBQ==[\r][\n]"
21:24:41.090 [Test worker] DEBUG org.apache.http.wire -  << "[\r][\n]"
21:24:41.091 [Test worker] DEBUG org.apache.http.impl.conn.DefaultClientConnection - Receiving response: HTTP/1.1 201 Created
21:24:41.091 [Test worker] DEBUG org.apache.http.headers - << HTTP/1.1 201 Created
21:24:41.091 [Test worker] DEBUG org.apache.http.headers - << Content-Type: application/json
21:24:41.091 [Test worker] DEBUG org.apache.http.headers - << Content-Length: 368
21:24:41.091 [Test worker] DEBUG org.apache.http.headers - << Connection: keep-alive
21:24:41.091 [Test worker] DEBUG org.apache.http.headers - << Date: Fri, 26 Aug 2022 02:24:41 GMT
21:24:41.091 [Test worker] DEBUG org.apache.http.headers - << x-amzn-RequestId: 1751d4f4-8025-401e-90d3-29d35e67663f
21:24:41.091 [Test worker] DEBUG org.apache.http.headers - << Access-Control-Allow-Origin: *
21:24:41.092 [Test worker] DEBUG org.apache.http.headers - << x-amz-apigw-id: XcxESG2tIAMFXZw=
21:24:41.092 [Test worker] DEBUG org.apache.http.headers - << X-Amzn-Trace-Id: Root=1-63082ee8-31da025f4b70946e3dcd9ad2;Sampled=1
21:24:41.092 [Test worker] DEBUG org.apache.http.headers - << X-Cache: Miss from cloudfront
21:24:41.092 [Test worker] DEBUG org.apache.http.headers - << Via: 1.1 338d1e556c1763823ff02dd83908eacc.cloudfront.net (CloudFront)
21:24:41.092 [Test worker] DEBUG org.apache.http.headers - << X-Amz-Cf-Pop: MIA3-P2
21:24:41.092 [Test worker] DEBUG org.apache.http.headers - << X-Amz-Cf-Id: pd-gIyuFPZbZ8VRw53E3gYDFDFgYYj6IdFTy26Q43C1XUJ9ltiouBQ==
21:24:41.097 [Test worker] DEBUG org.apache.http.impl.client.DefaultHttpClient - Connection can be kept alive indefinitely
21:24:41.126 [Test worker] DEBUG io.restassured.internal.RequestSpecificationImpl$RestAssuredHttpBuilder - Parsing response as: application/json
21:24:41.126 [Test worker] DEBUG io.restassured.internal.RequestSpecificationImpl$RestAssuredHttpBuilder - Parsed data to instance of: class org.apache.http.conn.EofSensorInputStream
21:24:41.164 [Test worker] DEBUG org.apache.http.wire -  << "{"status":"CREATED","data":{"id":"tok_test_16324_101df2471e7c5e25810D9cFEb437a36a","created_at":"2022-08-26T02:24:41.034+00:00","brand":"VISA","name":"VISA-4242","last_four":"4242","bin":"424242","exp_year":"26","exp_month":"02","card_holder":"Eliana","created_with_cvc":true,"expires_at":"2023-02-22T02:24:40.000Z","validity_ends_at":"2022-08-28T02:24:41.034+00:00"}}"
21:24:41.165 [Test worker] DEBUG org.apache.http.impl.conn.BasicClientConnectionManager - Releasing connection org.apache.http.impl.conn.ManagedClientConnectionImpl@5a99543b
21:24:41.166 [Test worker] DEBUG org.apache.http.impl.conn.BasicClientConnectionManager - Connection can be kept alive indefinitely
21:24:41.173 [Test worker] DEBUG net.thucydides.core.steps.StepInterceptor - STEP DONE: {0} executes a POST on the resource #resource
Variable = tok_test_16324_101df2471e7c5e25810D9cFEb437a36a
21:24:41.835 [Test worker] DEBUG net.thucydides.core.steps.StepInterceptor - STEP DONE: performAs
21:24:41.844 [Test worker] INFO  - 
  _____   ___   ___   _____     ___     _     ___   ___   ___   ___  
 |_   _| | __| / __| |_   _|   | _ \   /_\   / __| / __| | __| |   \ 
   | |   | _|  \__ \   | |     |  _/  / _ \  \__ \ \__ \ | _|  | |) |
   |_|   |___| |___/   |_|     |_|   /_/ \_\ |___/ |___/ |___| |___/ 

Card tokenization
----------------------------------------------------------------------

1 Scenarios (?[32m1 passed?[0m)
3 Steps (?[32m3 passed?[0m)
0m7,076s


21:24:41.858 [Test worker] DEBUG net.thucydides.core.reports.ReportService - Reporting formats: [JSON, HTML]
21:24:41.968 [Test worker] DEBUG net.thucydides.core.reports.ReportService - Reporting formats: [JSON, HTML]
21:24:41.983 [Test worker] DEBUG net.thucydides.core.reports.ReportService - Generating reports for 1 test outcomes using: net.thucydides.core.reports.json.JSONTestOutcomeReporter@af007d6
21:24:41.988 [pool-1-thread-1] DEBUG net.thucydides.core.reports.ReportService - Processing test outcome as a RentingColombia project's i need tokenize a card for created a source payment:Card tokenization
21:24:41.988 [pool-1-thread-1] DEBUG net.thucydides.core.reports.ReportService - net.thucydides.core.reports.json.JSONTestOutcomeReporter@af007d6: Generating report for test outcome: as a RentingColombia project's i need tokenize a card for created a source payment:Card tokenization
21:24:42.001 [pool-1-thread-1] DEBUG net.thucydides.core.reports.json.JSONTestOutcomeReporter - Generating JSON report for Card tokenization to file C:\cisaza\RentingColombia\Proxywompi\Automation\target\site\serenity\18e70a5d7bc5c2a07c57fb1ed8b6c1f60a418ed58ebb77796e35e34e817ea5e0.json (using temp file C:\cisaza\RentingColombia\Proxywompi\Automation\target\site\serenity\18e70a5d7bc5c2a07c57fb1ed8b6c1f60a418ed58ebb77796e35e34e817ea5e0.jsond1957835-b52d-445c-87f7-8d2811441aad)
21:24:42.039 [pool-1-thread-1] DEBUG net.thucydides.core.reports.ReportService - Processing test outcome as a RentingColombia project's i need tokenize a card for created a source payment:Card tokenization done
21:24:42.040 [Test worker] DEBUG net.thucydides.core.reports.ReportService - Shutting down executor service
21:24:42.040 [Test worker] DEBUG net.thucydides.core.reports.ReportService - Reports generated in: 57 ms
21:24:42.040 [Test worker] DEBUG net.thucydides.core.reports.ReportService - Generating reports for 1 test outcomes using: net.thucydides.core.reports.html.HtmlAcceptanceTestReporter@453e1bba
21:24:42.041 [pool-2-thread-1] DEBUG net.thucydides.core.reports.ReportService - Processing test outcome as a RentingColombia project's i need tokenize a card for created a source payment:Card tokenization
21:24:42.041 [pool-2-thread-1] DEBUG net.thucydides.core.reports.ReportService - net.thucydides.core.reports.html.HtmlAcceptanceTestReporter@453e1bba: Generating report for test outcome: as a RentingColombia project's i need tokenize a card for created a source payment:Card tokenization
21:24:42.071 [pool-2-thread-1] DEBUG net.thucydides.core.requirements.model.cucumber.CucumberParser - Added feature as a RentingColombia project's i need tokenize a card for created a source payment
21:24:42.077 [pool-2-thread-1] DEBUG net.thucydides.core.requirements.model.cucumber.CucumberParser - Added feature as a RentingColombia project's i need created a source payment
21:24:42.188 [pool-2-thread-1] DEBUG serenity.reporting - Generating report in 18e70a5d7bc5c2a07c57fb1ed8b6c1f60a418ed58ebb77796e35e34e817ea5e0.html
21:24:42.617 [pool-2-thread-1] DEBUG serenity.reporting - Generated report 18e70a5d7bc5c2a07c57fb1ed8b6c1f60a418ed58ebb77796e35e34e817ea5e0.html in 429 ms
21:24:42.617 [pool-2-thread-1] DEBUG net.thucydides.core.reports.ReportService - Processing test outcome as a RentingColombia project's i need tokenize a card for created a source payment:Card tokenization done
21:24:42.617 [Test worker] DEBUG net.thucydides.core.reports.ReportService - Shutting down executor service
21:24:42.617 [Test worker] DEBUG net.thucydides.core.reports.ReportService - Reports generated in: 577 ms
21:24:42.800 [Test worker] DEBUG io.cucumber.core.plugin.SerenityReporter - Cleanup test resources for URI file:///C:/cisaza/RentingColombia/Proxywompi/Automation/src/test/resources/features/card_tokenization.feature
]]></system-out>
  <system-err><![CDATA[]]></system-err>
</testsuite>
